-------------------------------------------------------------------------------
Test set: com.dsa.string.StringProblemsTest
-------------------------------------------------------------------------------
Tests run: 11, Failures: 4, Errors: 0, Skipped: 0, Time elapsed: 0.162 sec <<< FAILURE!
com.dsa.string.StringProblemsTest.testCharacterReplacement()  Time elapsed: 0.07 sec  <<< FAILURE!
org.opentest4j.AssertionFailedError: expected: <5> but was: <2>
	at org.junit.jupiter.api.AssertionFailureBuilder.build(AssertionFailureBuilder.java:151)
	at org.junit.jupiter.api.AssertionFailureBuilder.buildAndThrow(AssertionFailureBuilder.java:132)
	at org.junit.jupiter.api.AssertEquals.failNotEqual(AssertEquals.java:197)
	at org.junit.jupiter.api.AssertEquals.assertEquals(AssertEquals.java:150)
	at org.junit.jupiter.api.AssertEquals.assertEquals(AssertEquals.java:145)
	at org.junit.jupiter.api.Assertions.assertEquals(Assertions.java:527)
	at com.dsa.string.StringProblemsTest.testCharacterReplacement(StringProblemsTest.java:63)

com.dsa.string.StringProblemsTest.testMinWindow()  Time elapsed: 0 sec  <<< FAILURE!
org.opentest4j.AssertionFailedError: expected: <> but was: <A>
	at org.junit.jupiter.api.AssertionFailureBuilder.build(AssertionFailureBuilder.java:151)
	at org.junit.jupiter.api.AssertionFailureBuilder.buildAndThrow(AssertionFailureBuilder.java:132)
	at org.junit.jupiter.api.AssertEquals.failNotEqual(AssertEquals.java:197)
	at org.junit.jupiter.api.AssertEquals.assertEquals(AssertEquals.java:182)
	at org.junit.jupiter.api.AssertEquals.assertEquals(AssertEquals.java:177)
	at org.junit.jupiter.api.Assertions.assertEquals(Assertions.java:1141)
	at com.dsa.string.StringProblemsTest.testMinWindow(StringProblemsTest.java:100)

com.dsa.string.StringProblemsTest.testAllProblems()  Time elapsed: 0.003 sec  <<< FAILURE!
org.opentest4j.AssertionFailedError: expected: <5> but was: <2>
	at org.junit.jupiter.api.AssertionFailureBuilder.build(AssertionFailureBuilder.java:151)
	at org.junit.jupiter.api.AssertionFailureBuilder.buildAndThrow(AssertionFailureBuilder.java:132)
	at org.junit.jupiter.api.AssertEquals.failNotEqual(AssertEquals.java:197)
	at org.junit.jupiter.api.AssertEquals.assertEquals(AssertEquals.java:150)
	at org.junit.jupiter.api.AssertEquals.assertEquals(AssertEquals.java:145)
	at org.junit.jupiter.api.Assertions.assertEquals(Assertions.java:527)
	at com.dsa.string.StringProblemsTest.testCharacterReplacement(StringProblemsTest.java:63)
	at com.dsa.string.StringProblemsTest.testAllProblems(StringProblemsTest.java:195)

com.dsa.string.StringProblemsTest.testEdgeCases()  Time elapsed: 0.005 sec  <<< FAILURE!
org.opentest4j.AssertionFailedError: expected: <> but was: <a>
	at org.junit.jupiter.api.AssertionFailureBuilder.build(AssertionFailureBuilder.java:151)
	at org.junit.jupiter.api.AssertionFailureBuilder.buildAndThrow(AssertionFailureBuilder.java:132)
	at org.junit.jupiter.api.AssertEquals.failNotEqual(AssertEquals.java:197)
	at org.junit.jupiter.api.AssertEquals.assertEquals(AssertEquals.java:182)
	at org.junit.jupiter.api.AssertEquals.assertEquals(AssertEquals.java:177)
	at org.junit.jupiter.api.Assertions.assertEquals(Assertions.java:1141)
	at com.dsa.string.StringProblemsTest.testEdgeCases(StringProblemsTest.java:223)

