<?xml version="1.0" encoding="UTF-8" ?>
<testsuite tests="11" failures="4" name="com.dsa.string.StringProblemsTest" time="0.149" errors="0" skipped="0">
  <properties>
[...]
</properties>
  <testcase classname="com.dsa.string.StringProblemsTest" name="com.dsa.string.StringProblemsTest.testLongestCommonPrefix" time="0.047"/>
  <testcase classname="com.dsa.string.StringProblemsTest" name="com.dsa.string.StringProblemsTest.testFizzBuzz" time="0"/>
  <testcase classname="com.dsa.string.StringProblemsTest" name="com.dsa.string.StringProblemsTest.testCharacterReplacement" time="0.07">
    <failure message="expected: &lt;5&gt; but was: &lt;2&gt;" type="org.opentest4j.AssertionFailedError">org.opentest4j.AssertionFailedError: expected: &lt;5&gt; but was: &lt;2&gt;
	at org.junit.jupiter.api.AssertionFailureBuilder.build(AssertionFailureBuilder.java:151)
	at org.junit.jupiter.api.AssertionFailureBuilder.buildAndThrow(AssertionFailureBuilder.java:132)
	at org.junit.jupiter.api.AssertEquals.failNotEqual(AssertEquals.java:197)
	at org.junit.jupiter.api.AssertEquals.assertEquals(AssertEquals.java:150)
	at org.junit.jupiter.api.AssertEquals.assertEquals(AssertEquals.java:145)
	at org.junit.jupiter.api.Assertions.assertEquals(Assertions.java:527)
	at com.dsa.string.StringProblemsTest.testCharacterReplacement(StringProblemsTest.java:63)
</failure>
  </testcase>
  <testcase classname="com.dsa.string.StringProblemsTest" name="com.dsa.string.StringProblemsTest.testLengthOfLongestSubstring" time="0.001"/>
  <testcase classname="com.dsa.string.StringProblemsTest" name="com.dsa.string.StringProblemsTest.testMinWindow" time="0">
    <failure message="expected: &lt;&gt; but was: &lt;A&gt;" type="org.opentest4j.AssertionFailedError">org.opentest4j.AssertionFailedError: expected: &lt;&gt; but was: &lt;A&gt;
	at org.junit.jupiter.api.AssertionFailureBuilder.build(AssertionFailureBuilder.java:151)
	at org.junit.jupiter.api.AssertionFailureBuilder.buildAndThrow(AssertionFailureBuilder.java:132)
	at org.junit.jupiter.api.AssertEquals.failNotEqual(AssertEquals.java:197)
	at org.junit.jupiter.api.AssertEquals.assertEquals(AssertEquals.java:182)
	at org.junit.jupiter.api.AssertEquals.assertEquals(AssertEquals.java:177)
	at org.junit.jupiter.api.Assertions.assertEquals(Assertions.java:1141)
	at com.dsa.string.StringProblemsTest.testMinWindow(StringProblemsTest.java:100)
</failure>
  </testcase>
  <testcase classname="com.dsa.string.StringProblemsTest" name="com.dsa.string.StringProblemsTest.testIsAnagram" time="0.007"/>
  <testcase classname="com.dsa.string.StringProblemsTest" name="com.dsa.string.StringProblemsTest.testGroupAnagrams" time="0.003"/>
  <testcase classname="com.dsa.string.StringProblemsTest" name="com.dsa.string.StringProblemsTest.testIsValidParentheses" time="0.002"/>
  <testcase classname="com.dsa.string.StringProblemsTest" name="com.dsa.string.StringProblemsTest.testAllProblems" time="0.003">
    <failure message="expected: &lt;5&gt; but was: &lt;2&gt;" type="org.opentest4j.AssertionFailedError">org.opentest4j.AssertionFailedError: expected: &lt;5&gt; but was: &lt;2&gt;
	at org.junit.jupiter.api.AssertionFailureBuilder.build(AssertionFailureBuilder.java:151)
	at org.junit.jupiter.api.AssertionFailureBuilder.buildAndThrow(AssertionFailureBuilder.java:132)
	at org.junit.jupiter.api.AssertEquals.failNotEqual(AssertEquals.java:197)
	at org.junit.jupiter.api.AssertEquals.assertEquals(AssertEquals.java:150)
	at org.junit.jupiter.api.AssertEquals.assertEquals(AssertEquals.java:145)
	at org.junit.jupiter.api.Assertions.assertEquals(Assertions.java:527)
	at com.dsa.string.StringProblemsTest.testCharacterReplacement(StringProblemsTest.java:63)
	at com.dsa.string.StringProblemsTest.testAllProblems(StringProblemsTest.java:195)
</failure>
    <system-out>Running comprehensive tests for all 8 string problems...
</system-out>
  </testcase>
  <testcase classname="com.dsa.string.StringProblemsTest" name="com.dsa.string.StringProblemsTest.testEdgeCases" time="0.005">
    <failure message="expected: &lt;&gt; but was: &lt;a&gt;" type="org.opentest4j.AssertionFailedError">org.opentest4j.AssertionFailedError: expected: &lt;&gt; but was: &lt;a&gt;
	at org.junit.jupiter.api.AssertionFailureBuilder.build(AssertionFailureBuilder.java:151)
	at org.junit.jupiter.api.AssertionFailureBuilder.buildAndThrow(AssertionFailureBuilder.java:132)
	at org.junit.jupiter.api.AssertEquals.failNotEqual(AssertEquals.java:197)
	at org.junit.jupiter.api.AssertEquals.assertEquals(AssertEquals.java:182)
	at org.junit.jupiter.api.AssertEquals.assertEquals(AssertEquals.java:177)
	at org.junit.jupiter.api.Assertions.assertEquals(Assertions.java:1141)
	at com.dsa.string.StringProblemsTest.testEdgeCases(StringProblemsTest.java:223)
</failure>
  </testcase>
  <testcase classname="com.dsa.string.StringProblemsTest" name="com.dsa.string.StringProblemsTest.testPerformanceScenarios" time="0.011"/>
</testsuite>