<?xml version="1.0" encoding="UTF-8" ?>
<testsuite tests="26" failures="0" name="com.dsa.array.ArrayProblemsTest" time="0.12" errors="0" skipped="0">
  <properties>
[...]
</properties>
  <testcase classname="com.dsa.array.ArrayProblemsTest" name="com.dsa.array.ArrayProblemsTest.testMaxProfit" time="0.02"/>
  <testcase classname="com.dsa.array.ArrayProblemsTest" name="com.dsa.array.ArrayProblemsTest.testContainsDuplicate" time="0.005"/>
  <testcase classname="com.dsa.array.ArrayProblemsTest" name="com.dsa.array.ArrayProblemsTest.testContainsNearbyDuplicate" time="0.003"/>
  <testcase classname="com.dsa.array.ArrayProblemsTest" name="com.dsa.array.ArrayProblemsTest.testProductExceptSelf" time="0.012"/>
  <testcase classname="com.dsa.array.ArrayProblemsTest" name="com.dsa.array.ArrayProblemsTest.testMaxSubArray" time="0"/>
  <testcase classname="com.dsa.array.ArrayProblemsTest" name="com.dsa.array.ArrayProblemsTest.testMaxProduct" time="0"/>
  <testcase classname="com.dsa.array.ArrayProblemsTest" name="com.dsa.array.ArrayProblemsTest.testFindMin" time="0"/>
  <testcase classname="com.dsa.array.ArrayProblemsTest" name="com.dsa.array.ArrayProblemsTest.testSearchInRotatedSortedArray" time="0"/>
  <testcase classname="com.dsa.array.ArrayProblemsTest" name="com.dsa.array.ArrayProblemsTest.testTwoSumII" time="0"/>
  <testcase classname="com.dsa.array.ArrayProblemsTest" name="com.dsa.array.ArrayProblemsTest.testThreeSum" time="0"/>
  <testcase classname="com.dsa.array.ArrayProblemsTest" name="com.dsa.array.ArrayProblemsTest.testMergeSortedArray" time="0"/>
  <testcase classname="com.dsa.array.ArrayProblemsTest" name="com.dsa.array.ArrayProblemsTest.testMaxArea" time="0.002"/>
  <testcase classname="com.dsa.array.ArrayProblemsTest" name="com.dsa.array.ArrayProblemsTest.testIsAlienSorted" time="0.007"/>
  <testcase classname="com.dsa.array.ArrayProblemsTest" name="com.dsa.array.ArrayProblemsTest.testNextPermutation" time="0"/>
  <testcase classname="com.dsa.array.ArrayProblemsTest" name="com.dsa.array.ArrayProblemsTest.testRemoveDuplicates" time="0"/>
  <testcase classname="com.dsa.array.ArrayProblemsTest" name="com.dsa.array.ArrayProblemsTest.testTwoSum" time="0"/>
  <testcase classname="com.dsa.array.ArrayProblemsTest" name="com.dsa.array.ArrayProblemsTest.testSearchRange" time="0"/>
  <testcase classname="com.dsa.array.ArrayProblemsTest" name="com.dsa.array.ArrayProblemsTest.testTrap" time="0.001"/>
  <testcase classname="com.dsa.array.ArrayProblemsTest" name="com.dsa.array.ArrayProblemsTest.testFindMedianSortedArrays" time="0.007"/>
  <testcase classname="com.dsa.array.ArrayProblemsTest" name="com.dsa.array.ArrayProblemsTest.testIsAnagram" time="0"/>
  <testcase classname="com.dsa.array.ArrayProblemsTest" name="com.dsa.array.ArrayProblemsTest.testTopKFrequent" time="0.003"/>
  <testcase classname="com.dsa.array.ArrayProblemsTest" name="com.dsa.array.ArrayProblemsTest.testGroupAnagrams" time="0"/>
  <testcase classname="com.dsa.array.ArrayProblemsTest" name="com.dsa.array.ArrayProblemsTest.testIsValidSudoku" time="0.054"/>
  <testcase classname="com.dsa.array.ArrayProblemsTest" name="com.dsa.array.ArrayProblemsTest.testEncodeAndDecode" time="0"/>
  <testcase classname="com.dsa.array.ArrayProblemsTest" name="com.dsa.array.ArrayProblemsTest.testLongestConsecutive" time="0"/>
  <testcase classname="com.dsa.array.ArrayProblemsTest" name="com.dsa.array.ArrayProblemsTest.testAllProblems" time="0.006"/>
</testsuite>